<?xml version="1.0" encoding="UTF-8"?>
<!-- Generated by org.testng.reporters.JUnitReportReporter -->
<testsuite hostname="DESKTOP-SBGEV0T" name="NewTest" tests="1" failures="0" timestamp="8 Jun 2019 23:29:07 GMT" time="23.823" errors="0">
  <testcase name="openMyBlog" time="23.823" classname="NewTest"/>
</testsuite> <!-- NewTest -->
